2026-02-01 07:53:20,500 - INFO - Started logging to coaxial-pip-packager_20260201_075320.log
2026-02-01 07:53:20,501 - INFO - Writing logs to ***TOKEN***.log
2026-02-01 07:53:20,501 - WARNING - Choose the project directory:
2026-02-01 07:53:20,501 - INFO - 1. Use the current working directory
2026-02-01 07:53:20,501 - INFO - 2. Specify another project folder
2026-02-01 07:53:29,848 - INFO - Using current directory: /Users/petter/Desktop/Egnacodinggrejer/terminalai
2026-02-01 07:53:29,849 - INFO - Changed working directory to: /Users/petter/Desktop/Egnacodinggrejer/terminalai
2026-02-01 07:53:29,850 - INFO - Searching for current version...
2026-02-01 07:53:29,853 - INFO - Found version '0.4.4' in pyproject.toml
2026-02-01 07:53:29,853 - INFO - Using specified version: 0.4.4
2026-02-01 07:53:29,853 - WARNING - New version is the same as the current version. Nothing to update in files.
2026-02-01 07:53:52,918 - INFO - 
Performing Git operations...
2026-02-01 07:53:52,919 - INFO - 
$ git rev-parse --is-inside-work-tree
2026-02-01 07:53:52,947 - WARNING - No version files were updated. Checking for other git changes...
2026-02-01 07:53:52,947 - INFO - 
$ git status --porcelain
2026-02-01 07:53:52,972 - INFO - 
$ git add .
